2020-09-13T19:35:46+00:00 CRITICAL Uncaught Error: Class 'Automattic\WooCommerce\Admin\API\OnboardingPlugins' not found in /var/www/html/wp-content/plugins/woocommerce/packages/woocommerce-admin/src/Notes/WC_Admin_Notes_Install_JP_And_WCS_Plugins.php:112
Stack trace:
#0 /var/www/html/wp-content/plugins/woocommerce/packages/woocommerce-admin/src/Notes/WC_Admin_Notes_Install_JP_And_WCS_Plugins.php(101): Automattic\WooCommerce\Admin\Notes\WC_Admin_Notes_Install_JP_And_WCS_Plugins->install_and_activate_plugin('jetpack')
#1 /var/www/html/wp-includes/class-wp-hook.php(287): Automattic\WooCommerce\Admin\Notes\WC_Admin_Notes_Install_JP_And_WCS_Plugins->install_jp_and_wcs_plugins(Object(Automattic\WooCommerce\Admin\Notes\WC_Admin_Note))
#2 /var/www/html/wp-includes/class-wp-hook.php(311): WP_Hook->apply_filters('', Array)
#3 /var/www/html/wp-includes/plugin.php(478): WP_Hook->do_action(Array)
#4 /var/www/html/wp-content/plugins/woocommerce/packages/woocommerce-admin/src/API/NoteActions.php(101): do_action('woocommerce_not...', Object(Automattic\WooComm in /var/www/html/wp-content/plugins/woocommerce/packages/woocommerce-admin/src/Notes/WC_Admin_Notes_Install_JP_And_WCS_Plugins.php on line 112

2020-09-13T19:42:47+00:00 CRITICAL require_once(): Failed opening required '/var/www/html/wp-content/plugins/woocommerce-payments/vendor/composer/autoload_classmap_package.php' (include_path='.:/usr/local/lib/php') in /var/www/html/wp-content/plugins/woocommerce-payments/vendor/autoload_packages.php on line 183

2020-09-13T19:42:52+00:00 CRITICAL require_once(): Failed opening required '/var/www/html/wp-content/plugins/woocommerce-payments/vendor/composer/autoload_classmap_package.php' (include_path='.:/usr/local/lib/php') in /var/www/html/wp-content/plugins/woocommerce-payments/vendor/autoload_packages.php on line 183

2020-09-13T19:42:52+00:00 CRITICAL require_once(): Failed opening required '/var/www/html/wp-content/plugins/woocommerce-payments/vendor/composer/autoload_classmap_package.php' (include_path='.:/usr/local/lib/php') in /var/www/html/wp-content/plugins/woocommerce-payments/vendor/autoload_packages.php on line 183

2020-09-13T19:43:08+00:00 CRITICAL require_once(): Failed opening required '/var/www/html/wp-content/plugins/woocommerce-payments/vendor/composer/autoload_classmap_package.php' (include_path='.:/usr/local/lib/php') in /var/www/html/wp-content/plugins/woocommerce-payments/vendor/autoload_packages.php on line 183

2020-09-13T19:43:11+00:00 CRITICAL require_once(): Failed opening required '/var/www/html/wp-content/plugins/woocommerce-payments/vendor/composer/autoload_classmap_package.php' (include_path='.:/usr/local/lib/php') in /var/www/html/wp-content/plugins/woocommerce-payments/vendor/autoload_packages.php on line 183

2020-09-13T19:43:11+00:00 CRITICAL require_once(): Failed opening required '/var/www/html/wp-content/plugins/woocommerce-payments/vendor/composer/autoload_classmap_package.php' (include_path='.:/usr/local/lib/php') in /var/www/html/wp-content/plugins/woocommerce-payments/vendor/autoload_packages.php on line 183

2020-09-13T20:11:29+00:00 CRITICAL require_once(): Failed opening required '/var/www/html/wp-content/themes/wptemplate/lib/vendor/autoload.php' (include_path='.:/usr/local/lib/php') in /var/www/html/wp-content/themes/wptemplate/functions.php on line 16

2020-09-13T20:11:45+00:00 CRITICAL require_once(): Failed opening required '/var/www/html/wp-content/themes/wptemplate/lib/vendor/autoload.php' (include_path='.:/usr/local/lib/php') in /var/www/html/wp-content/themes/wptemplate/functions.php on line 16

2020-09-13T20:11:56+00:00 CRITICAL Uncaught Error: Class 'SH_Nav_Menu_Walker' not found in /var/www/html/wp-content/themes/wptemplate/header.php:69
Stack trace:
#0 /var/www/html/wp-includes/template.php(730): require_once()
#1 /var/www/html/wp-includes/template.php(676): load_template('/var/www/html/w...', true, Array)
#2 /var/www/html/wp-includes/general-template.php(48): locate_template(Array, true, true, Array)
#3 /var/www/html/wp-content/themes/wptemplate/front-page.php(1): get_header()
#4 /var/www/html/wp-includes/template-loader.php(106): include('/var/www/html/w...')
#5 /var/www/html/wp-blog-header.php(19): require_once('/var/www/html/w...')
#6 /var/www/html/index.php(17): require('/var/www/html/w...')
#7 {main}
  thrown in /var/www/html/wp-content/themes/wptemplate/header.php on line 69

